#! /opt/homebrew/Cellar/icarus-verilog/12.0/bin/vvp
:ivl_version "12.0 (stable)";
:ivl_delay_selection "TYPICAL";
:vpi_time_precision + 0;
:vpi_module "/opt/homebrew/Cellar/icarus-verilog/12.0/lib/ivl/system.vpi";
:vpi_module "/opt/homebrew/Cellar/icarus-verilog/12.0/lib/ivl/vhdl_sys.vpi";
:vpi_module "/opt/homebrew/Cellar/icarus-verilog/12.0/lib/ivl/vhdl_textio.vpi";
:vpi_module "/opt/homebrew/Cellar/icarus-verilog/12.0/lib/ivl/v2005_math.vpi";
:vpi_module "/opt/homebrew/Cellar/icarus-verilog/12.0/lib/ivl/va_math.vpi";
S_0x159e13a10 .scope module, "testbench" "testbench" 2 1;
 .timescale 0 0;
v0x159e2cf40_0 .var "clk", 0 0;
v0x159e2d000_0 .var "flg1", 0 0;
v0x159e2d090_0 .var "flg2", 0 0;
v0x159e2d140_0 .var "flg3", 0 0;
v0x159e2d1f0_0 .var "flg4", 0 0;
v0x159e2d2c0_0 .var "x", 15 0;
v0x159e2d350_0 .net "y", 15 0, v0x159e2cde0_0;  1 drivers
S_0x159e11a50 .scope module, "divby255" "Divby255" 2 6, 3 1 0, S_0x159e13a10;
 .timescale 0 0;
    .port_info 0 /INPUT 16 "x";
    .port_info 1 /INPUT 1 "flg1";
    .port_info 2 /INPUT 1 "flg2";
    .port_info 3 /INPUT 1 "flg3";
    .port_info 4 /INPUT 1 "flg4";
    .port_info 5 /INPUT 1 "clk";
    .port_info 6 /OUTPUT 16 "y";
P_0x159e07fb0 .param/l "S0" 0 3 18, +C4<00000000000000000000000000000000>;
P_0x159e07ff0 .param/l "S1" 0 3 19, +C4<00000000000000000000000000000001>;
P_0x159e08030 .param/l "S2" 0 3 20, +C4<00000000000000000000000000000010>;
P_0x159e08070 .param/l "S3" 0 3 21, +C4<00000000000000000000000000000011>;
P_0x159e080b0 .param/l "S4" 0 3 22, +C4<00000000000000000000000000000100>;
P_0x159e080f0 .param/l "S5" 0 3 23, +C4<00000000000000000000000000000101>;
P_0x159e08130 .param/l "S6" 0 3 24, +C4<00000000000000000000000000000110>;
P_0x159e08170 .param/l "S7" 0 3 25, +C4<00000000000000000000000000000111>;
P_0x159e081b0 .param/l "S8" 0 3 26, +C4<00000000000000000000000000001000>;
P_0x159e081f0 .param/l "S9" 0 3 27, +C4<00000000000000000000000000001001>;
v0x159e2bc60_0 .var "X", 31 0;
v0x159e2bd00_0 .var "X0", 7 0;
v0x159e2bda0_0 .var "X1", 7 0;
v0x159e2be70_0 .var "X2", 7 0;
v0x159e2bf20_0 .var "X3", 7 0;
v0x159e2bff0_0 .var "Y0", 7 0;
v0x159e2c0a0_0 .var "Y1", 7 0;
v0x159e2c150_0 .var "Y2", 7 0;
v0x159e2c200_0 .var "Y3", 7 0;
v0x159e2c310_0 .net "bout0", 0 0, v0x159e2a340_0;  1 drivers
v0x159e2c3a0_0 .net "bout1", 0 0, v0x159e2aad0_0;  1 drivers
v0x159e2c470_0 .net "bout2", 0 0, v0x159e2b250_0;  1 drivers
v0x159e2c540_0 .net "bout3", 0 0, v0x159e2b9c0_0;  1 drivers
v0x159e2c5d0_0 .net "clk", 0 0, v0x159e2cf40_0;  1 drivers
v0x159e2c660_0 .var "cs", 3 0;
v0x159e2c6f0_0 .net "diff0", 7 0, v0x159e2a4d0_0;  1 drivers
v0x159e2c780_0 .net "diff1", 7 0, v0x159e2ac40_0;  1 drivers
v0x159e2c930_0 .net "diff2", 7 0, v0x159e2b3c0_0;  1 drivers
v0x159e2c9c0_0 .net "diff3", 7 0, v0x159e2bb30_0;  1 drivers
v0x159e2ca50_0 .net "flg1", 0 0, v0x159e2d000_0;  1 drivers
v0x159e2cae0_0 .net "flg2", 0 0, v0x159e2d090_0;  1 drivers
v0x159e2cb70_0 .net "flg3", 0 0, v0x159e2d140_0;  1 drivers
v0x159e2cc00_0 .net "flg4", 0 0, v0x159e2d1f0_0;  1 drivers
v0x159e2cc90_0 .var "ns", 3 0;
v0x159e2cd30_0 .net "x", 15 0, v0x159e2d2c0_0;  1 drivers
v0x159e2cde0_0 .var "y", 15 0;
E_0x159e08bb0 .event posedge, v0x159e2c5d0_0;
S_0x159e1b0d0 .scope module, "sub0" "subtractor8bit" 3 12, 4 1 0, S_0x159e11a50;
 .timescale 0 0;
    .port_info 0 /INPUT 8 "A";
    .port_info 1 /INPUT 8 "B";
    .port_info 2 /INPUT 1 "Bin";
    .port_info 3 /OUTPUT 1 "Bout";
    .port_info 4 /OUTPUT 8 "out";
L_0x160060010 .functor BUFT 1, C4<00000000>, C4<0>, C4<0>, C4<0>;
v0x159e14610_0 .net "A", 7 0, L_0x160060010;  1 drivers
v0x159e2a1e0_0 .net "B", 7 0, v0x159e2bd00_0;  1 drivers
L_0x160060058 .functor BUFT 1, C4<0>, C4<0>, C4<0>, C4<0>;
v0x159e2a290_0 .net "Bin", 0 0, L_0x160060058;  1 drivers
v0x159e2a340_0 .var "Bout", 0 0;
v0x159e2a3e0_0 .var "diff", 8 0;
v0x159e2a4d0_0 .var/s "out", 7 0;
E_0x159e08590 .event anyedge, v0x159e2a290_0, v0x159e2a1e0_0, v0x159e14610_0;
S_0x159e2a600 .scope module, "sub1" "subtractor8bit" 3 13, 4 1 0, S_0x159e11a50;
 .timescale 0 0;
    .port_info 0 /INPUT 8 "A";
    .port_info 1 /INPUT 8 "B";
    .port_info 2 /INPUT 1 "Bin";
    .port_info 3 /OUTPUT 1 "Bout";
    .port_info 4 /OUTPUT 8 "out";
v0x159e2a8a0_0 .net "A", 7 0, v0x159e2bff0_0;  1 drivers
v0x159e2a950_0 .net "B", 7 0, v0x159e2bda0_0;  1 drivers
v0x159e2aa00_0 .net "Bin", 0 0, v0x159e2a340_0;  alias, 1 drivers
v0x159e2aad0_0 .var "Bout", 0 0;
v0x159e2ab60_0 .var "diff", 8 0;
v0x159e2ac40_0 .var/s "out", 7 0;
E_0x159e2a840 .event anyedge, v0x159e2a340_0, v0x159e2a950_0, v0x159e2a8a0_0;
S_0x159e2ad70 .scope module, "sub2" "subtractor8bit" 3 14, 4 1 0, S_0x159e11a50;
 .timescale 0 0;
    .port_info 0 /INPUT 8 "A";
    .port_info 1 /INPUT 8 "B";
    .port_info 2 /INPUT 1 "Bin";
    .port_info 3 /OUTPUT 1 "Bout";
    .port_info 4 /OUTPUT 8 "out";
v0x159e2b010_0 .net "A", 7 0, v0x159e2c0a0_0;  1 drivers
v0x159e2b0d0_0 .net "B", 7 0, v0x159e2be70_0;  1 drivers
v0x159e2b180_0 .net "Bin", 0 0, v0x159e2aad0_0;  alias, 1 drivers
v0x159e2b250_0 .var "Bout", 0 0;
v0x159e2b2e0_0 .var "diff", 8 0;
v0x159e2b3c0_0 .var/s "out", 7 0;
E_0x159e2afb0 .event anyedge, v0x159e2aad0_0, v0x159e2b0d0_0, v0x159e2b010_0;
S_0x159e2b4f0 .scope module, "sub3" "subtractor8bit" 3 15, 4 1 0, S_0x159e11a50;
 .timescale 0 0;
    .port_info 0 /INPUT 8 "A";
    .port_info 1 /INPUT 8 "B";
    .port_info 2 /INPUT 1 "Bin";
    .port_info 3 /OUTPUT 1 "Bout";
    .port_info 4 /OUTPUT 8 "out";
v0x159e2b790_0 .net "A", 7 0, v0x159e2c150_0;  1 drivers
v0x159e2b840_0 .net "B", 7 0, v0x159e2bf20_0;  1 drivers
v0x159e2b8f0_0 .net "Bin", 0 0, v0x159e2b250_0;  alias, 1 drivers
v0x159e2b9c0_0 .var "Bout", 0 0;
v0x159e2ba50_0 .var "diff", 8 0;
v0x159e2bb30_0 .var/s "out", 7 0;
E_0x159e2b730 .event anyedge, v0x159e2b250_0, v0x159e2b840_0, v0x159e2b790_0;
    .scope S_0x159e1b0d0;
T_0 ;
    %wait E_0x159e08590;
    %load/vec4 v0x159e14610_0;
    %pad/u 9;
    %load/vec4 v0x159e2a1e0_0;
    %pad/u 9;
    %sub;
    %load/vec4 v0x159e2a290_0;
    %pad/u 9;
    %sub;
    %store/vec4 v0x159e2a3e0_0, 0, 9;
    %load/vec4 v0x159e2a3e0_0;
    %parti/s 8, 0, 2;
    %store/vec4 v0x159e2a4d0_0, 0, 8;
    %load/vec4 v0x159e2a3e0_0;
    %parti/s 1, 8, 5;
    %store/vec4 v0x159e2a340_0, 0, 1;
    %jmp T_0;
    .thread T_0, $push;
    .scope S_0x159e2a600;
T_1 ;
    %wait E_0x159e2a840;
    %load/vec4 v0x159e2a8a0_0;
    %pad/u 9;
    %load/vec4 v0x159e2a950_0;
    %pad/u 9;
    %sub;
    %load/vec4 v0x159e2aa00_0;
    %pad/u 9;
    %sub;
    %store/vec4 v0x159e2ab60_0, 0, 9;
    %load/vec4 v0x159e2ab60_0;
    %parti/s 8, 0, 2;
    %store/vec4 v0x159e2ac40_0, 0, 8;
    %load/vec4 v0x159e2ab60_0;
    %parti/s 1, 8, 5;
    %store/vec4 v0x159e2aad0_0, 0, 1;
    %jmp T_1;
    .thread T_1, $push;
    .scope S_0x159e2ad70;
T_2 ;
    %wait E_0x159e2afb0;
    %load/vec4 v0x159e2b010_0;
    %pad/u 9;
    %load/vec4 v0x159e2b0d0_0;
    %pad/u 9;
    %sub;
    %load/vec4 v0x159e2b180_0;
    %pad/u 9;
    %sub;
    %store/vec4 v0x159e2b2e0_0, 0, 9;
    %load/vec4 v0x159e2b2e0_0;
    %parti/s 8, 0, 2;
    %store/vec4 v0x159e2b3c0_0, 0, 8;
    %load/vec4 v0x159e2b2e0_0;
    %parti/s 1, 8, 5;
    %store/vec4 v0x159e2b250_0, 0, 1;
    %jmp T_2;
    .thread T_2, $push;
    .scope S_0x159e2b4f0;
T_3 ;
    %wait E_0x159e2b730;
    %load/vec4 v0x159e2b790_0;
    %pad/u 9;
    %load/vec4 v0x159e2b840_0;
    %pad/u 9;
    %sub;
    %load/vec4 v0x159e2b8f0_0;
    %pad/u 9;
    %sub;
    %store/vec4 v0x159e2ba50_0, 0, 9;
    %load/vec4 v0x159e2ba50_0;
    %parti/s 8, 0, 2;
    %store/vec4 v0x159e2bb30_0, 0, 8;
    %load/vec4 v0x159e2ba50_0;
    %parti/s 1, 8, 5;
    %store/vec4 v0x159e2b9c0_0, 0, 1;
    %jmp T_3;
    .thread T_3, $push;
    .scope S_0x159e11a50;
T_4 ;
    %pushi/vec4 0, 0, 4;
    %store/vec4 v0x159e2c660_0, 0, 4;
    %end;
    .thread T_4;
    .scope S_0x159e11a50;
T_5 ;
    %wait E_0x159e08bb0;
    %load/vec4 v0x159e2cc90_0;
    %assign/vec4 v0x159e2c660_0, 0;
    %load/vec4 v0x159e2c660_0;
    %dup/vec4;
    %pushi/vec4 0, 0, 4;
    %cmp/u;
    %jmp/1 T_5.0, 6;
    %dup/vec4;
    %pushi/vec4 1, 0, 4;
    %cmp/u;
    %jmp/1 T_5.1, 6;
    %dup/vec4;
    %pushi/vec4 2, 0, 4;
    %cmp/u;
    %jmp/1 T_5.2, 6;
    %dup/vec4;
    %pushi/vec4 3, 0, 4;
    %cmp/u;
    %jmp/1 T_5.3, 6;
    %dup/vec4;
    %pushi/vec4 4, 0, 4;
    %cmp/u;
    %jmp/1 T_5.4, 6;
    %dup/vec4;
    %pushi/vec4 5, 0, 4;
    %cmp/u;
    %jmp/1 T_5.5, 6;
    %dup/vec4;
    %pushi/vec4 6, 0, 4;
    %cmp/u;
    %jmp/1 T_5.6, 6;
    %dup/vec4;
    %pushi/vec4 7, 0, 4;
    %cmp/u;
    %jmp/1 T_5.7, 6;
    %dup/vec4;
    %pushi/vec4 8, 0, 4;
    %cmp/u;
    %jmp/1 T_5.8, 6;
    %dup/vec4;
    %pushi/vec4 9, 0, 4;
    %cmp/u;
    %jmp/1 T_5.9, 6;
    %jmp T_5.10;
T_5.0 ;
    %pushi/vec4 0, 0, 16;
    %assign/vec4 v0x159e2cde0_0, 0;
    %load/vec4 v0x159e2ca50_0;
    %flag_set/vec4 8;
    %jmp/0xz  T_5.11, 8;
    %pushi/vec4 1, 0, 4;
    %assign/vec4 v0x159e2cc90_0, 0;
T_5.11 ;
    %jmp T_5.10;
T_5.1 ;
    %load/vec4 v0x159e2cd30_0;
    %ix/load 4, 16, 0;
    %ix/load 5, 0, 0;
    %flag_set/imm 4, 0;
    %assign/vec4/off/d v0x159e2bc60_0, 4, 5;
    %load/vec4 v0x159e2cae0_0;
    %flag_set/vec4 8;
    %jmp/0xz  T_5.13, 8;
    %pushi/vec4 2, 0, 4;
    %assign/vec4 v0x159e2cc90_0, 0;
T_5.13 ;
    %jmp T_5.10;
T_5.2 ;
    %load/vec4 v0x159e2cd30_0;
    %ix/load 4, 0, 0;
    %ix/load 5, 0, 0;
    %flag_set/imm 4, 0;
    %assign/vec4/off/d v0x159e2bc60_0, 4, 5;
    %pushi/vec4 3, 0, 4;
    %assign/vec4 v0x159e2cc90_0, 0;
    %jmp T_5.10;
T_5.3 ;
    %load/vec4 v0x159e2bc60_0;
    %parti/s 8, 24, 6;
    %assign/vec4 v0x159e2bf20_0, 0;
    %load/vec4 v0x159e2bc60_0;
    %parti/s 8, 16, 6;
    %assign/vec4 v0x159e2be70_0, 0;
    %load/vec4 v0x159e2bc60_0;
    %parti/s 8, 8, 5;
    %assign/vec4 v0x159e2bda0_0, 0;
    %load/vec4 v0x159e2bc60_0;
    %parti/s 8, 0, 2;
    %assign/vec4 v0x159e2bd00_0, 0;
    %pushi/vec4 0, 0, 8;
    %assign/vec4 v0x159e2c200_0, 0;
    %pushi/vec4 0, 0, 8;
    %assign/vec4 v0x159e2c150_0, 0;
    %pushi/vec4 0, 0, 8;
    %assign/vec4 v0x159e2c0a0_0, 0;
    %pushi/vec4 0, 0, 8;
    %assign/vec4 v0x159e2bff0_0, 0;
    %pushi/vec4 4, 0, 4;
    %assign/vec4 v0x159e2cc90_0, 0;
    %jmp T_5.10;
T_5.4 ;
    %load/vec4 v0x159e2c6f0_0;
    %assign/vec4 v0x159e2bff0_0, 0;
    %pushi/vec4 5, 0, 4;
    %assign/vec4 v0x159e2cc90_0, 0;
    %jmp T_5.10;
T_5.5 ;
    %load/vec4 v0x159e2c780_0;
    %assign/vec4 v0x159e2c0a0_0, 0;
    %pushi/vec4 6, 0, 4;
    %assign/vec4 v0x159e2cc90_0, 0;
    %jmp T_5.10;
T_5.6 ;
    %load/vec4 v0x159e2c930_0;
    %assign/vec4 v0x159e2c150_0, 0;
    %pushi/vec4 7, 0, 4;
    %assign/vec4 v0x159e2cc90_0, 0;
    %jmp T_5.10;
T_5.7 ;
    %load/vec4 v0x159e2c9c0_0;
    %assign/vec4 v0x159e2c200_0, 0;
    %pushi/vec4 8, 0, 4;
    %assign/vec4 v0x159e2cc90_0, 0;
    %jmp T_5.10;
T_5.8 ;
    %load/vec4 v0x159e2c200_0;
    %load/vec4 v0x159e2c150_0;
    %concat/vec4; draw_concat_vec4
    %assign/vec4 v0x159e2cde0_0, 0;
    %load/vec4 v0x159e2cb70_0;
    %flag_set/vec4 8;
    %jmp/0xz  T_5.15, 8;
    %pushi/vec4 9, 0, 4;
    %assign/vec4 v0x159e2cc90_0, 0;
T_5.15 ;
    %jmp T_5.10;
T_5.9 ;
    %load/vec4 v0x159e2c0a0_0;
    %load/vec4 v0x159e2bff0_0;
    %concat/vec4; draw_concat_vec4
    %assign/vec4 v0x159e2cde0_0, 0;
    %load/vec4 v0x159e2cc00_0;
    %flag_set/vec4 8;
    %jmp/0xz  T_5.17, 8;
    %pushi/vec4 0, 0, 4;
    %assign/vec4 v0x159e2cc90_0, 0;
T_5.17 ;
    %jmp T_5.10;
T_5.10 ;
    %pop/vec4 1;
    %jmp T_5;
    .thread T_5;
    .scope S_0x159e13a10;
T_6 ;
    %delay 5, 0;
    %load/vec4 v0x159e2cf40_0;
    %inv;
    %store/vec4 v0x159e2cf40_0, 0, 1;
    %jmp T_6;
    .thread T_6;
    .scope S_0x159e13a10;
T_7 ;
    %pushi/vec4 0, 0, 1;
    %store/vec4 v0x159e2cf40_0, 0, 1;
    %pushi/vec4 0, 0, 16;
    %store/vec4 v0x159e2d2c0_0, 0, 16;
    %pushi/vec4 1, 0, 1;
    %store/vec4 v0x159e2d000_0, 0, 1;
    %pushi/vec4 0, 0, 1;
    %store/vec4 v0x159e2d090_0, 0, 1;
    %delay 100, 0;
    %pushi/vec4 0, 0, 1;
    %store/vec4 v0x159e2d000_0, 0, 1;
    %delay 100, 0;
    %pushi/vec4 1, 0, 1;
    %store/vec4 v0x159e2d090_0, 0, 1;
    %delay 20, 0;
    %pushi/vec4 25500, 0, 16;
    %store/vec4 v0x159e2d2c0_0, 0, 16;
    %delay 100, 0;
    %pushi/vec4 0, 0, 1;
    %store/vec4 v0x159e2d090_0, 0, 1;
    %delay 100, 0;
    %pushi/vec4 1, 0, 1;
    %store/vec4 v0x159e2d140_0, 0, 1;
    %pushi/vec4 0, 0, 1;
    %store/vec4 v0x159e2d1f0_0, 0, 1;
    %vpi_call 2 32 "$display", $time, " y_MSB = %b", v0x159e2d350_0 {0 0 0};
    %delay 100, 0;
    %pushi/vec4 0, 0, 1;
    %store/vec4 v0x159e2d1f0_0, 0, 1;
    %pushi/vec4 1, 0, 1;
    %store/vec4 v0x159e2d140_0, 0, 1;
    %vpi_call 2 35 "$display", $time, " y_LSB = %b", v0x159e2d350_0 {0 0 0};
    %vpi_call 2 37 "$finish" {0 0 0};
    %end;
    .thread T_7;
# The file index is used to find the file name in the following table.
:file_names 5;
    "N/A";
    "<interactive>";
    "Q1_tb.v";
    "Q1_topmodule.v";
    "Q1_subtractor.v";
